{"timestamp": "2026-04-01T11:48:37.551322", "query": "¿Cómo crear una oportunidad en SAP Tierra?", "domain": "sap_tierra", "kb_pct": 0, "internet_pct": 60, "ml_pct": 40, "kb_found": 0, "saved_to_kb": true}
{"timestamp": "2026-04-01T11:48:37.551322", "query": "¿Cuál es la capital de Francia?", "domain": "monday_automation", "kb_pct": 0, "internet_pct": 60, "ml_pct": 40, "kb_found": 0, "saved_to_kb": true}
{"timestamp": "2026-04-01T11:48:37.635717", "query": "¿Cómo buscar un archivo en una carpeta específica?", "domain": "files", "kb_pct": 0, "internet_pct": 60, "ml_pct": 40, "kb_found": 0, "saved_to_kb": true}
{"timestamp": "2026-04-01T11:48:59.132855", "query": "Cómo usar SAP Tierra", "domain": "sap_tierra", "kb_pct": 0, "internet_pct": 60, "ml_pct": 40, "kb_found": 0, "saved_to_kb": true}
{"timestamp": "2026-04-01T11:48:59.135462", "query": "Capital de Francia", "domain": "monday_automation", "kb_pct": 45, "internet_pct": 60, "ml_pct": -5, "kb_found": 1, "saved_to_kb": false}
{"timestamp": "2026-04-01T11:48:59.137436", "query": "WebSockets Python", "domain": "general", "kb_pct": 0, "internet_pct": 60, "ml_pct": 40, "kb_found": 0, "saved_to_kb": true}
{"timestamp": "2026-04-01T12:09:19.367108", "query": "¿Cómo usar SAP?", "domain": "sap_tierra", "kb_pct": 0, "internet_pct": 60, "ml_pct": 40, "kb_found": 0, "saved_to_kb": true}
{"timestamp": "2026-04-01T12:09:49.051504", "query": "How to use SAP", "domain": "sap_tierra", "kb_pct": 0, "internet_pct": 60, "ml_pct": 40, "kb_found": 0, "saved_to_kb": true}
{"timestamp": "2026-04-01T12:09:57.446546", "query": "como hacer que el KB enforcer funcione en nueva sesion", "domain": "sessions", "kb_pct": 0, "internet_pct": 60, "ml_pct": 40, "kb_found": 0, "saved_to_kb": true}
{"timestamp": "2026-04-01T12:10:02.929184", "query": "how to setup KB enforcer in new session", "domain": "general", "kb_pct": 0, "internet_pct": 60, "ml_pct": 40, "kb_found": 0, "saved_to_kb": true}
{"timestamp": "2026-04-01T12:24:40.952352", "query": "test query", "domain": "general", "kb_pct": 0, "internet_pct": 60, "ml_pct": 40, "kb_found": 0, "saved_to_kb": true}
{"timestamp": "2026-04-01T12:33:42.030417", "query": "que sabes de este proyecto Buscador IA", "domain": "general", "kb_pct": 0, "internet_pct": 60, "ml_pct": 40, "kb_found": 0, "saved_to_kb": true}
{"timestamp": "2026-04-01T12:33:47.562327", "query": "what do you know about Buscador IA project", "domain": "general", "kb_pct": 0, "internet_pct": 60, "ml_pct": 40, "kb_found": 0, "saved_to_kb": true}
{"timestamp": "2026-04-01T12:35:51.543667", "query": "do you really execute the KB search process or just paint the numbers", "domain": "general", "kb_pct": 0, "internet_pct": 60, "ml_pct": 40, "kb_found": 0, "saved_to_kb": true}
{"timestamp": "2026-04-01T12:43:52.853524", "query": "Que es un catalogo?", "domain": "general", "kb_pct": 0, "internet_pct": 60, "ml_pct": 40, "kb_found": 0, "saved_to_kb": true}
{"timestamp": "2026-04-01T12:52:07.764601", "query": "cuando te pregunto algo donde buscas tu informacion primero", "domain": "web_forms", "kb_pct": 0, "internet_pct": 60, "ml_pct": 40, "kb_found": 0, "saved_to_kb": true}
{"timestamp": "2026-04-01T12:53:50.609675", "query": "cuando te pregunto algo de donde sacas la informacion", "domain": "web_forms", "kb_pct": 0, "internet_pct": 60, "ml_pct": 40, "kb_found": 0, "saved_to_kb": true}
{"timestamp": "2026-04-01T12:55:19.977423", "query": "cuando te pregunto algo de donde sacas la informacion", "domain": "web_forms", "kb_pct": 0, "internet_pct": 60, "ml_pct": 40, "kb_found": 0, "saved_to_kb": true}
{"timestamp": "2026-04-01T13:00:12.788848", "query": "¿Cuál es la diferencia entre un motor de búsqueda y un chatbot?", "domain": "sap_automation", "kb_pct": 0, "internet_pct": 60, "ml_pct": 40, "kb_found": 0, "saved_to_kb": true}
{"timestamp": "2026-04-01T13:00:20.006335", "query": "Cual es la diferencia entre un motor de busqueda y un chatbot", "domain": "sap_automation", "kb_pct": 0, "internet_pct": 60, "ml_pct": 40, "kb_found": 0, "saved_to_kb": true}
